[2018-02-02T13:37:22.453] [INFO] 用户请求 - GET /session 200 82ms
[2018-02-02T13:38:07.948] [INFO] 用户请求 - GET /session 200 54ms
[2018-02-02T20:29:58.018] [INFO] 用户请求 - GET / 200 85ms
[2018-02-02T20:31:32.237] [INFO] 用户请求 - GET /session 200 48ms
[2018-02-02T20:34:00.296] [INFO] 用户请求 - GET /session 200 9ms
[2018-02-02T20:34:24.291] [INFO] 用户请求 - GET /session 200 5ms
[2018-02-02T20:35:20.636] [INFO] 用户请求 - GET /session 200 2ms
[2018-02-02T20:36:31.482] [INFO] 用户请求 - GET /session 200 59ms
[2018-02-02T20:37:04.394] [INFO] 用户请求 - GET /session 200 10ms
[2018-02-02T20:37:05.746] [INFO] 用户请求 - GET /session 200 12ms
[2018-02-02T20:37:06.701] [INFO] 用户请求 - GET /session 200 5ms
[2018-02-02T20:37:07.912] [INFO] 用户请求 - GET /session 200 2ms
[2018-02-02T20:37:09.861] [INFO] 用户请求 - GET /session 200 28ms
[2018-02-02T20:37:16.775] [INFO] 用户请求 - GET /session 200 2ms
[2018-02-02T20:37:38.257] [INFO] 用户请求 - GET /session 200 7ms
[2018-02-02T20:40:00.762] [INFO] 用户请求 - GET /session 200 55ms
[2018-02-02T20:40:03.782] [INFO] 用户请求 - GET /session 200 7ms
[2018-02-02T20:42:16.117] [INFO] 用户请求 - GET /session 200 3ms
[2018-02-02T20:42:20.829] [INFO] 用户请求 - GET /session 200 8ms
[2018-02-02T20:43:16.409] [INFO] 用户请求 - GET /session 200 2ms
[2018-02-02T20:43:17.412] [WARN] 用户请求 - GET /favicon.ico 404 29ms
[2018-02-02T20:43:20.525] [INFO] 用户请求 - GET /session 200 6ms
[2018-02-02T20:45:13.739] [INFO] 用户请求 - GET /session 200 86ms
[2018-02-02T20:45:35.659] [INFO] 用户请求 - GET /session 200 9ms
[2018-02-02T20:45:39.762] [INFO] 用户请求 - GET /session 200 4ms
[2018-02-02T20:45:41.420] [INFO] 用户请求 - GET /session 200 7ms
[2018-02-02T20:46:16.342] [INFO] 用户请求 - GET /session 200 56ms
[2018-02-02T20:46:22.607] [INFO] 用户请求 - GET /session 200 6ms
[2018-02-02T20:46:27.989] [INFO] 用户请求 - GET /session 200 4ms
[2018-02-02T20:46:29.504] [INFO] 用户请求 - GET /session 200 10ms
[2018-02-02T20:47:40.041] [INFO] 用户请求 - GET /session 200 60ms
[2018-02-02T20:47:48.188] [INFO] 用户请求 - GET /session 200 5ms
[2018-02-02T20:47:57.633] [INFO] 用户请求 - GET /session 200 3ms
[2018-02-02T20:48:04.026] [INFO] 用户请求 - GET /session 200 3ms
[2018-02-02T20:48:09.435] [INFO] 用户请求 - GET /session 200 8ms
[2018-02-02T20:49:11.707] [INFO] 用户请求 - GET /session 200 2ms
[2018-02-02T20:51:58.743] [INFO] 用户请求 - GET /session 200 70ms
[2018-02-02T20:52:11.878] [INFO] 用户请求 - GET /session 200 6ms
[2018-02-02T20:53:06.484] [INFO] 用户请求 - GET /session 200 3ms
[2018-02-02T20:58:39.351] [INFO] 用户请求 - GET /session 200 49ms
[2018-02-02T20:58:46.777] [INFO] 用户请求 - GET /session 200 9ms
[2018-02-02T20:58:51.241] [INFO] 用户请求 - GET /session 200 2ms
[2018-02-02T20:58:58.609] [INFO] 用户请求 - GET /session 200 10ms
[2018-02-02T20:59:02.978] [INFO] 用户请求 - GET /session 200 2ms
[2018-02-02T20:59:10.699] [INFO] 用户请求 - GET /session 200 27ms
[2018-02-02T20:59:29.429] [INFO] 用户请求 - GET /session?chrome 200 3ms
[2018-02-02T20:59:31.541] [INFO] 用户请求 - GET /session?chrome 200 6ms
[2018-02-02T20:59:36.593] [INFO] 用户请求 - GET /session?chrome 200 3ms
[2018-02-02T20:59:37.641] [INFO] 用户请求 - GET /session?chrome 200 10ms
[2018-02-02T22:26:51.509] [INFO] 用户请求 - GET /session?chrome 200 75ms
[2018-02-02T22:27:25.525] [INFO] 用户请求 - GET /session?chrome 200 70ms
[2018-02-02T22:27:32.061] [INFO] 用户请求 - GET /session?chrome 200 9ms
[2018-02-02T22:28:12.707] [INFO] 用户请求 - GET /session 200 2ms
[2018-02-02T22:28:13.425] [INFO] 用户请求 - GET /session 200 7ms
[2018-02-02T22:28:14.620] [INFO] 用户请求 - GET /session 200 2ms
[2018-02-02T22:29:22.939] [INFO] 用户请求 - GET /session?chrome 200 74ms
[2018-02-02T22:29:29.516] [INFO] 用户请求 - GET /session?chrome 200 9ms
[2018-02-02T22:29:48.178] [INFO] 用户请求 - GET /session?chrome123 200 8ms
[2018-02-02T22:29:51.282] [INFO] 用户请求 - GET /session?chrome123 200 3ms
[2018-02-02T22:30:45.660] [INFO] 用户请求 - GET /session?chrome123efsadfsddddsssssssssssssssssssssssssssssssssssssssssssssssssssssssssssssssssssssssssssssssssssssssssssssssssssss 200 2ms
[2018-02-02T22:31:01.704] [INFO] 用户请求 - GET /session?chrome123efsadfsddddssssssssssssssssssssssssssssssssssssssssssssssssssssssssssssssssssssssssssssssssssssssssssss333333333333333333333333333333333333333333333333333333333333333333333333333333333333333333333333333333333333333333sssssssss 200 8ms
[2018-02-02T22:31:08.783] [INFO] 用户请求 - GET /session?chrome123efsadfsddddssssssssssssssssssssssssssssssssssssssssssssssssssssssssssssssssssssssssssssssssssssssssssss333333333333333333333333333333333333333333333333333333333333333333333333333333333333333333333333333333333333333333sssssssss 200 2ms
[2018-02-02T22:31:34.280] [INFO] 用户请求 - GET /session?chrome123efsadfsddddssssssssssssssssssssssssssssssssssssssssssssssssssssssssssssssssssssssssssssssssssssssssssss333333333333333333333333333333333333333333333333333333333333333333333333333333333333333333333333333333333333333333sssssssss 200 69ms
[2018-02-02T22:31:37.301] [INFO] 用户请求 - GET /session?chrome123efsadfsddddssssssssssssssssssssssssssssssssssssssssssssssssssssssssssssssssssssssssssssssssssssssssssss333333333333333333333333333333333333333333333333333333333333333333333333333333333333333333333333333333333333333333sssssssss 200 9ms
[2018-02-03T14:26:52.842] [INFO] 用户请求 - GET / 200 115ms
[2018-02-03T14:26:53.136] [WARN] 用户请求 - GET /favicon.ico 404 13ms
[2018-02-03T14:27:02.704] [INFO] 用户请求 - GET /session 200 4ms
[2018-02-03T14:27:11.420] [INFO] 用户请求 - GET /session 200 3ms
[2018-02-03T14:27:12.939] [INFO] 用户请求 - GET /session 200 4ms
[2018-02-03T14:28:29.068] [INFO] 用户请求 - GET /session 200 3ms
[2018-02-03T14:28:32.179] [INFO] 用户请求 - GET /session 200 6ms
[2018-02-03T14:28:53.095] [INFO] 用户请求 - GET /session 200 61ms
[2018-02-03T14:29:38.467] [INFO] 用户请求 - GET /session 200 65ms
[2018-02-03T14:29:40.549] [INFO] 用户请求 - GET /session 200 4ms
[2018-02-03T14:29:44.772] [INFO] 用户请求 - GET /session?chrome 200 5ms
[2018-02-03T14:29:47.810] [INFO] 用户请求 - GET /session?chrome 200 4ms
[2018-02-03T14:30:47.234] [INFO] 用户请求 - GET /session?chrome 200 63ms
[2018-02-03T14:30:57.685] [INFO] 用户请求 - GET /session?chrome= 200 8ms
[2018-02-03T14:31:59.406] [INFO] 用户请求 - GET /session?chrome= 200 61ms
[2018-02-03T14:33:08.451] [INFO] 用户请求 - GET /session?chrome= 200 10ms
[2018-02-03T14:33:10.875] [INFO] 用户请求 - GET /session?chrome= 200 5ms
[2018-02-03T14:33:28.365] [INFO] 用户请求 - GET /session?chrome= 200 5ms
[2018-02-03T14:33:36.405] [INFO] 用户请求 - GET /session?chrome= 200 6ms
[2018-02-03T14:50:27.565] [INFO] 用户请求 - GET /session?chrome= 200 56ms
[2018-02-03T14:50:56.904] [INFO] 用户请求 - GET /session?chrome= 200 6ms
[2018-02-03T14:51:12.325] [INFO] 用户请求 - GET /session?chrome 200 4ms
[2018-02-03T14:51:30.723] [INFO] 用户请求 - GET /session?chrome 200 6ms
[2018-02-03T14:51:33.632] [INFO] 用户请求 - GET /session?chrome 200 2ms
[2018-02-03T14:53:22.246] [INFO] 用户请求 - GET /session?chrome 200 55ms
[2018-02-03T14:53:24.509] [INFO] 用户请求 - GET /session?chrome 200 6ms
[2018-02-03T14:53:37.574] [INFO] 用户请求 - GET /session?chrome 200 53ms
[2018-02-03T14:53:39.349] [INFO] 用户请求 - GET /session?chrome 200 7ms
[2018-02-03T14:53:40.295] [INFO] 用户请求 - GET /session?chrome 200 2ms
[2018-02-03T14:53:41.379] [INFO] 用户请求 - GET /session?chrome 200 5ms
[2018-02-03T14:53:42.369] [INFO] 用户请求 - GET /session?chrome 200 2ms
[2018-02-03T14:53:43.301] [INFO] 用户请求 - GET /session?chrome 200 5ms
[2018-02-03T14:53:44.177] [INFO] 用户请求 - GET /session?chrome 200 2ms
[2018-02-03T14:53:45.045] [INFO] 用户请求 - GET /session?chrome 200 6ms
[2018-02-03T14:53:45.816] [INFO] 用户请求 - GET /session?chrome 200 2ms
[2018-02-03T14:53:46.510] [INFO] 用户请求 - GET /session?chrome 200 6ms
[2018-02-03T14:54:02.099] [INFO] 用户请求 - GET /session?chrome 200 2ms
[2018-02-03T14:55:36.897] [INFO] 用户请求 - GET /session?chrome 200 8ms
[2018-02-03T14:55:40.352] [INFO] 用户请求 - GET /session?chrome 200 2ms
[2018-02-03T18:41:00.353] [INFO] 用户请求 - GET /session 200 65ms
[2018-02-03T18:41:18.179] [INFO] 用户请求 - GET /session 200 10ms
[2018-02-03T18:42:40.853] [INFO] 用户请求 - GET /session 200 75ms
[2018-02-03T18:43:07.067] [INFO] 用户请求 - GET /session 200 4ms
[2018-02-03T20:30:00.461] [INFO] 用户请求 - GET /session 200 60ms
[2018-02-03T20:30:49.166] [INFO] 用户请求 - GET /session 200 59ms
[2018-02-03T20:31:13.582] [INFO] 用户请求 - GET /session 200 51ms
[2018-02-03T20:31:58.163] [INFO] 用户请求 - GET /session 200 55ms
[2018-02-03T20:32:22.854] [INFO] 用户请求 - GET /session 200 52ms
[2018-02-03T20:33:48.217] [INFO] 用户请求 - GET /session 200 61ms
[2018-02-03T20:34:00.611] [INFO] 用户请求 - GET /session 200 56ms
[2018-02-03T20:34:17.859] [INFO] 用户请求 - GET /session 200 58ms
[2018-02-03T20:35:46.618] [INFO] 用户请求 - GET /session 200 56ms
[2018-02-03T20:36:18.921] [INFO] 用户请求 - GET /session 200 52ms
[2018-02-03T20:37:30.401] [INFO] 用户请求 - GET /session 200 55ms
[2018-02-03T20:42:30.059] [INFO] 用户请求 - GET /session 200 56ms
[2018-02-03T20:51:23.515] [INFO] 用户请求 - GET /user 200 74ms
[2018-02-03T20:51:36.892] [INFO] 用户请求 - GET /user?_id=sdf 200 8ms
[2018-02-03T20:52:07.668] [INFO] 用户请求 - GET /user?_id=sdf 200 57ms
[2018-02-03T20:53:17.945] [INFO] 用户请求 - GET /user/sdf 200 60ms
[2018-02-03T20:53:33.441] [INFO] 用户请求 - GET /user/sdf 204 55ms
[2018-02-03T20:53:34.881] [INFO] 用户请求 - GET /user/sdf 204 8ms
[2018-02-03T20:54:06.072] [INFO] 用户请求 - GET /user/sdf 204 41ms
[2018-02-03T20:54:07.529] [INFO] 用户请求 - GET /user/sdf 204 7ms
[2018-02-03T20:54:08.147] [INFO] 用户请求 - GET /user/sdf 204 2ms
[2018-02-03T20:57:38.889] [INFO] 用户请求 - GET /user/sdf 200 47ms
[2018-02-03T20:57:54.623] [INFO] 用户请求 - GET /user/sdf?username=kohai 200 55ms
[2018-02-03T20:58:06.077] [WARN] 用户请求 - GET /user/sdf/gdfg?username=kohai 404 26ms
[2018-02-03T20:58:17.125] [INFO] 用户请求 - GET /user/sdfgdfg?username=kohai 200 8ms
[2018-02-03T21:02:02.179] [INFO] 用户请求 - GET /user/sdfgdfg?username=kohai 200 62ms
[2018-02-03T21:03:07.089] [INFO] 用户请求 - GET /user/sdfgdfg?username=kohai 200 69ms
[2018-02-03T21:18:12.339] [INFO] 用户请求 - GET /user/sdfgdfg 200 64ms
[2018-02-03T21:18:21.314] [INFO] 用户请求 - GET /user/sdfgdfg 200 7ms
[2018-02-03T21:18:58.210] [INFO] 用户请求 - GET /user/sdfgdfg 200 47ms
[2018-02-03T21:19:08.656] [INFO] 用户请求 - GET /user/sdfgdfg 200 13ms
[2018-02-03T21:19:09.074] [WARN] 用户请求 - GET /favicon.ico 404 31ms
[2018-02-03T21:19:28.469] [INFO] 用户请求 - GET /user/5a75923b9b2e6f1c78356738 200 10ms
[2018-02-03T21:19:32.337] [INFO] 用户请求 - GET /user/5a75923b9b2e6f1c78356738 200 8ms
[2018-02-03T21:19:34.125] [INFO] 用户请求 - GET /user/5a75923b9b2e6f1c78356738 200 2ms
[2018-02-03T21:20:00.647] [INFO] 用户请求 - GET /user/5a75923b9b2e6f1c78356738 200 61ms
[2018-02-03T21:20:19.956] [INFO] 用户请求 - GET /user/5a75923b9b2e6f1c78356738 200 65ms
[2018-02-03T21:20:43.511] [INFO] 用户请求 - GET /user/5a75923b9b2e6f1c78356738 200 57ms
[2018-02-03T21:21:14.312] [INFO] 用户请求 - GET /user/5a75923b9b2e6f1c78356738 200 52ms
[2018-02-03T21:21:52.811] [ERROR] 用户请求 - GET /user/5a75923b9b2e6f1c78356738 500 64ms
[2018-02-03T21:21:58.996] [ERROR] 用户请求 - GET /user/5a75923b9b2e6f1c78356738 500 8ms
[2018-02-03T21:23:03.941] [INFO] 用户请求 - GET /user/5a75923b9b2e6f1c78356738 204 74ms
[2018-02-03T21:23:32.423] [INFO] 用户请求 - GET /user/5a75923b9b2e6f1c78356738 204 1085ms
[2018-02-03T21:23:48.393] [INFO] 用户请求 - GET /user/5a75923b9b2e6f1c78356738 200 1919ms
[2018-02-03T21:43:11.746] [INFO] 用户请求 - GET /user/5a75923b9b2e6f1c78356738 200 83ms
[2018-02-03T21:43:29.029] [INFO] 用户请求 - GET /user/5a75923b9b2e6f1c78356738 200 16ms
[2018-02-03T21:47:19.642] [WARN] 用户请求 - POST /user 404 24ms
[2018-02-03T21:48:33.241] [WARN] 用户请求 - POST /user 404 80ms
[2018-02-03T21:48:40.448] [WARN] 用户请求 - GET /user 405 17ms
[2018-02-03T21:49:14.828] [INFO] 用户请求 - GET / 200 7ms
[2018-02-03T21:49:20.244] [WARN] 用户请求 - GET /user 405 5ms
[2018-02-03T21:49:22.713] [WARN] 用户请求 - GET /user 405 5ms
[2018-02-03T21:49:29.266] [INFO] 用户请求 - GET /user/5a75923b9b2e6f1c78356738 200 27ms
[2018-02-03T21:49:34.271] [WARN] 用户请求 - GET /user/ 405 6ms
[2018-02-03T21:49:38.926] [WARN] 用户请求 - GET /user 405 8ms
[2018-02-03T21:50:13.663] [INFO] 用户请求 - POST /user 200 53ms
[2018-02-03T21:51:12.012] [INFO] 用户请求 - POST /user 200 5ms
[2018-02-03T21:51:41.153] [INFO] 用户请求 - POST /user 200 58ms
[2018-02-03T21:51:46.361] [INFO] 用户请求 - POST /user 200 4ms
[2018-02-03T21:52:14.959] [INFO] 用户请求 - POST /user 200 96ms
[2018-02-03T21:54:46.373] [INFO] 用户请求 - POST /user 200 116ms
[2018-02-03T21:55:42.691] [INFO] 用户请求 - POST /user 200 84ms
[2018-02-03T21:55:44.862] [INFO] 用户请求 - POST /user 200 5ms
[2018-02-03T21:55:47.890] [INFO] 用户请求 - POST /user 200 4ms
[2018-02-03T21:55:50.620] [INFO] 用户请求 - POST /user 200 3ms
[2018-02-03T21:56:26.307] [INFO] 用户请求 - POST /user 200 78ms
[2018-02-03T21:57:07.223] [INFO] 用户请求 - POST /user 200 8ms
[2018-02-03T21:57:18.353] [INFO] 用户请求 - POST /user?324234=234234 200 2ms
[2018-02-03T22:06:22.489] [INFO] 用户请求 - POST /user 200 74ms
[2018-02-03T22:06:57.882] [INFO] 用户请求 - POST /user 200 10ms
[2018-02-03T22:07:01.674] [INFO] 用户请求 - POST /user 200 2ms
[2018-02-03T22:07:09.666] [INFO] 用户请求 - POST /user 200 7ms
[2018-02-03T22:09:57.944] [INFO] 用户请求 - POST /user 200 88ms
[2018-02-03T22:10:08.032] [ERROR] 用户请求 - POST /user 500 8ms
[2018-02-03T22:12:22.135] [ERROR] 用户请求 - POST /user 500 92ms
[2018-02-03T22:12:31.663] [INFO] 用户请求 - POST /user 200 34ms
[2018-02-03T22:12:49.014] [ERROR] 用户请求 - POST /user 500 8ms
[2018-02-03T22:14:57.272] [ERROR] 用户请求 - POST /user 500 91ms
[2018-02-03T22:15:10.688] [ERROR] 用户请求 - POST /user 500 7ms
[2018-02-03T22:15:22.120] [ERROR] 用户请求 - POST /user 500 4ms
[2018-02-03T22:15:25.694] [ERROR] 用户请求 - POST /user 500 3ms
[2018-02-03T22:15:58.860] [ERROR] 用户请求 - POST /user 500 137ms
[2018-02-03T22:16:29.980] [INFO] 用户请求 - POST /user 200 2054ms
[2018-02-03T22:17:11.136] [ERROR] 用户请求 - POST /user 500 19ms
[2018-02-03T22:17:13.024] [ERROR] 用户请求 - POST /user 500 11ms
[2018-02-04T00:05:58.594] [ERROR] 用户请求 - POST /user 500 98ms
[2018-02-04T00:06:00.674] [ERROR] 用户请求 - POST /user 500 45ms
[2018-02-04T00:08:44.820] [ERROR] 用户请求 - POST /user 500 71ms
[2018-02-04T00:09:25.881] [ERROR] 用户请求 - POST /user 500 73ms
[2018-02-04T00:09:27.603] [ERROR] 用户请求 - POST /user 500 13ms
[2018-02-04T00:10:31.645] [ERROR] 用户请求 - POST /user 500 82ms
[2018-02-04T00:10:38.982] [ERROR] 用户请求 - POST /user 500 10ms
[2018-02-04T00:10:53.199] [ERROR] 用户请求 - POST /user 500 11ms
[2018-02-04T00:11:10.700] [ERROR] 用户请求 - POST /user 500 78ms
[2018-02-04T00:11:16.412] [ERROR] 用户请求 - POST /user 500 7ms
[2018-02-04T00:11:52.736] [ERROR] 用户请求 - POST /user 500 80ms
[2018-02-04T00:12:57.506] [ERROR] 用户请求 - POST /user 500 81ms
[2018-02-04T00:13:31.830] [ERROR] 用户请求 - POST /user 500 64ms
[2018-02-04T00:14:10.013] [ERROR] 用户请求 - POST /user 500 57ms
[2018-02-04T00:14:11.201] [ERROR] 用户请求 - POST /user 500 12ms
[2018-02-04T00:14:44.829] [ERROR] 用户请求 - POST /user 500 56ms
[2018-02-04T00:15:29.614] [ERROR] 用户请求 - POST /user 500 61ms
[2018-02-04T14:21:26.449] [INFO] 用户请求 - GET / 200 68ms
[2018-02-04T14:21:26.769] [WARN] 用户请求 - GET /favicon.ico 404 16ms
[2018-02-04T14:22:19.631] [INFO] 用户请求 - GET / 200 74ms
[2018-02-04T14:22:22.733] [INFO] 用户请求 - GET / 200 3ms
[2018-02-04T14:24:32.383] [INFO] 用户请求 - GET / 200 55ms
[2018-02-04T14:25:19.241] [INFO] 用户请求 - GET / 200 5ms
[2018-02-04T14:26:18.567] [WARN] 用户请求 - GET /d 404 84ms
[2018-02-04T14:26:41.265] [WARN] 用户请求 - GET /user 405 8ms
[2018-02-04T14:27:14.172] [WARN] 用户请求 - GET /user 404 72ms
[2018-02-04T14:28:37.240] [WARN] 用户请求 - GET /user 405 88ms
[2018-02-04T14:28:38.857] [WARN] 用户请求 - GET /user 405 8ms
[2018-02-04T14:29:37.885] [WARN] 用户请求 - GET /user 404 77ms
[2018-02-04T14:30:27.618] [WARN] 用户请求 - GET /user/sdf 401 80ms
[2018-02-04T14:30:34.458] [INFO] 用户请求 - GET /user/5a75923b9b2e6f1c78356738 200 162ms
[2018-02-04T14:35:13.500] [INFO] 用户请求 - GET /user/5a75923b9b2e6f1c78356738 200 297ms
[2018-02-04T14:39:46.404] [INFO] 用户请求 - GET /user/5a75923b9b2e6f1c78356738 200 1153ms
[2018-02-04T14:45:20.215] [INFO] 用户请求 - GET /user/5a75923b9b2e6f1c78356738 200 91ms
[2018-02-04T14:46:18.074] [INFO] 用户请求 - GET /user/5a75923b9b2e6f1c78356738 200 111ms
[2018-02-04T14:46:36.583] [INFO] 用户请求 - GET /user/5a75923b9b2e6f1c78356738 200 102ms
[2018-02-04T14:47:44.238] [INFO] 用户请求 - GET /user/5a75923b9b2e6f1c78356738 200 94ms
[2018-02-04T14:48:41.427] [INFO] 用户请求 - GET /user/5a75923b9b2e6f1c78356738 200 106ms
[2018-02-04T14:49:18.929] [INFO] 用户请求 - GET /user/5a75923b9b2e6f1c78356738 200 96ms
[2018-02-04T14:51:26.725] [ERROR] 用户请求 - GET /user/5a75923b9b2e6f1c78356738 500 174ms
[2018-02-04T14:52:13.232] [INFO] 用户请求 - GET /user/5a75923b9b2e6f1c78356738 200 128ms
[2018-02-04T14:52:31.689] [INFO] 用户请求 - GET /user/5a75923b9b2e6f1c78356738 200 1330ms
[2018-02-04T14:53:41.236] [ERROR] 用户请求 - GET /user/5a75923b9b2e6f1c78356738 500 103ms
[2018-02-04T14:53:52.281] [INFO] 用户请求 - GET /user/5a75923b9b2e6f1c78356738 200 1586ms
[2018-02-04T14:54:01.525] [INFO] 用户请求 - GET /user/5a75923b9b2e6f1c78356738 200 1727ms
[2018-02-04T14:54:32.306] [ERROR] 用户请求 - GET /user/5a75923b9b2e6f1c78356738 500 89ms
[2018-02-04T14:55:09.334] [INFO] 用户请求 - GET /user/5a75923b9b2e6f1c78356738 200 118ms
[2018-02-04T14:55:31.375] [INFO] 用户请求 - GET /user/5a75923b9b2e6f1c78356738 200 1959ms
[2018-02-04T14:56:20.246] [INFO] 用户请求 - GET /user/5a75923b9b2e6f1c78356738 200 1815ms
[2018-02-04T15:02:20.853] [ERROR] 用户请求 - POST /user 500 246ms
[2018-02-04T15:09:49.607] [WARN] 用户请求 - POST /user 400 105ms
[2018-02-04T15:10:53.384] [INFO] 用户请求 - POST /user 201 26ms
[2018-02-04T15:13:45.158] [WARN] 用户请求 - POST /user 400 11ms
[2018-02-04T15:13:52.350] [WARN] 用户请求 - POST /user 400 8ms
[2018-02-04T15:28:42.826] [INFO] 用户请求 - GET /user 200 81ms
[2018-02-04T15:30:29.377] [INFO] 用户请求 - GET /user 200 20ms
[2018-02-04T15:32:17.872] [INFO] 用户请求 - GET /user 200 1880ms
[2018-02-04T15:32:20.474] [INFO] 用户请求 - GET /user 200 10ms
[2018-02-04T15:32:43.089] [INFO] 用户请求 - GET /user 200 6ms
[2018-02-04T15:33:00.970] [INFO] 用户请求 - GET /user 200 66ms
[2018-02-04T15:35:04.993] [INFO] 用户请求 - GET /user 200 11ms
[2018-02-04T15:35:29.137] [INFO] 用户请求 - GET /user/5a75c34fa563d520581d28fd 200 14ms
[2018-02-04T15:35:57.352] [INFO] 用户请求 - GET /user/5a75c34fa563d520581d28fd 200 9ms
[2018-02-04T15:36:02.638] [INFO] 用户请求 - GET /user 200 3ms
[2018-02-04T16:08:24.693] [INFO] 用户请求 - GET /user 200 69ms
[2018-02-04T16:08:27.991] [INFO] 用户请求 - GET /user/5a75c34fa563d520581d28fd 200 13ms
[2018-02-04T16:08:31.126] [WARN] 用户请求 - POST /user 400 56ms
[2018-02-04T16:09:04.175] [ERROR] 用户请求 - POST /user 500 124ms
[2018-02-04T16:12:49.108] [INFO] 用户请求 - GET /user?user=kohai 200 25ms
[2018-02-04T16:12:59.528] [INFO] 用户请求 - GET /user?user=kohai 200 10ms
[2018-02-04T16:13:13.665] [INFO] 用户请求 - GET /user?user=kohai 200 11ms
[2018-02-04T16:13:57.190] [INFO] 用户请求 - GET /user?username=kohai&password=123123 200 5ms
[2018-02-04T16:22:26.333] [INFO] 用户请求 - GET /user?username=kohai&password=123123 200 69ms
[2018-02-04T16:22:42.060] [INFO] 用户请求 - OPTIONS /user?username=kohai&password=123123 200 38ms
[2018-02-04T16:23:37.942] [INFO] 用户请求 - OPTIONS /user?username=kohai&password=123123 200 41ms
[2018-02-04T16:23:49.647] [INFO] 用户请求 - GET /user?username=kohai&password=123123 200 64ms
[2018-02-04T16:24:15.556] [ERROR] 用户请求 - POST /user 500 16ms
[2018-02-04T16:25:17.846] [ERROR] 用户请求 - POST /user 500 71ms
[2018-02-04T16:26:10.574] [ERROR] 用户请求 - POST /user 500 98ms
[2018-02-04T16:27:04.047] [WARN] 用户请求 - POST /user 400 30ms
[2018-02-04T17:16:16.204] [WARN] 用户请求 - POST /user 400 119ms
[2018-02-04T17:16:26.967] [WARN] 用户请求 - POST /user 400 11ms
[2018-02-04T17:27:42.975] [WARN] 用户请求 - POST /user 400 8ms
[2018-02-04T17:30:34.465] [WARN] 用户请求 - POST /user 400 85ms
[2018-02-04T17:30:48.138] [WARN] 用户请求 - POST /user 400 9ms
[2018-02-04T17:30:56.407] [WARN] 用户请求 - POST /user 400 8ms
[2018-02-04T17:31:03.586] [WARN] 用户请求 - POST /user 400 4ms
[2018-02-04T17:32:50.789] [WARN] 用户请求 - POST /user 400 9ms
[2018-02-04T17:33:14.589] [WARN] 用户请求 - POST /user 400 7ms
[2018-02-04T17:33:38.595] [WARN] 用户请求 - POST /user 400 5ms
[2018-02-04T17:33:48.849] [WARN] 用户请求 - POST /user 400 75ms
[2018-02-04T17:58:49.756] [WARN] 用户请求 - POST /user 400 78ms
[2018-02-04T17:58:51.339] [WARN] 用户请求 - POST /user 400 9ms
[2018-02-04T17:58:57.095] [ERROR] 用户请求 - POST /user 500 7ms
[2018-02-04T17:59:02.587] [ERROR] 用户请求 - POST /user 500 3ms
[2018-02-04T17:59:25.708] [ERROR] 用户请求 - POST /user 500 63ms
[2018-02-04T17:59:28.326] [ERROR] 用户请求 - POST /user 500 9ms
[2018-02-04T17:59:36.836] [ERROR] 用户请求 - POST /user 500 7ms
[2018-02-04T17:59:40.957] [ERROR] 用户请求 - POST /user 500 2ms
[2018-02-04T17:59:43.381] [ERROR] 用户请求 - POST /user 500 6ms
[2018-02-04T17:59:46.080] [INFO] 用户请求 - POST /user 201 41ms
[2018-02-04T18:02:30.608] [WARN] 用户请求 - POST /user 400 87ms
[2018-02-04T18:02:37.313] [ERROR] 用户请求 - POST /user 500 9ms
[2018-02-04T18:02:38.387] [ERROR] 用户请求 - POST /user 500 7ms
[2018-02-04T18:02:40.280] [ERROR] 用户请求 - POST /user 500 2ms
[2018-02-04T18:08:12.501] [INFO] 用户请求 - POST /session 200 77ms
[2018-02-04T18:09:07.844] [INFO] 用户请求 - POST /session 200 67ms
[2018-02-04T18:09:29.590] [INFO] 用户请求 - POST /session 200 79ms
[2018-02-04T18:09:44.961] [ERROR] 用户请求 - POST /session 500 12ms
[2018-02-04T18:09:51.308] [ERROR] 用户请求 - POST /session 500 8ms
[2018-02-04T18:09:54.860] [INFO] 用户请求 - POST /session 200 9ms
[2018-02-04T18:25:09.530] [INFO] 用户请求 - POST /session 200 77ms
[2018-02-04T18:25:34.793] [INFO] 用户请求 - POST /session 200 74ms
[2018-02-04T18:25:49.427] [INFO] 用户请求 - POST /session 200 75ms
[2018-02-04T18:28:21.293] [INFO] 用户请求 - POST /session 200 78ms
[2018-02-04T19:16:57.021] [INFO] 用户请求 - POST /session 200 75ms
[2018-02-04T19:30:13.832] [INFO] 用户请求 - POST /session 200 167ms
[2018-02-04T19:30:39.444] [INFO] 用户请求 - POST /session 200 16ms
[2018-02-04T19:31:06.940] [INFO] 用户请求 - POST /session 200 7ms
[2018-02-04T19:33:11.511] [INFO] 用户请求 - POST /session 200 10ms
[2018-02-04T19:34:30.789] [INFO] 用户请求 - POST /session 200 95ms
[2018-02-04T20:56:13.937] [INFO] 用户请求 - POST /session 200 1936ms
[2018-02-04T21:15:46.030] [INFO] 用户请求 - GET /user/5a75923b9b2e6f1c78356738 200 69ms
[2018-02-04T21:47:58.958] [INFO] 用户请求 - POST /session 200 496ms
[2018-02-04T21:48:49.618] [INFO] 用户请求 - POST /session 200 10ms
[2018-02-04T22:04:09.828] [INFO] 用户请求 - POST /session 200 75ms
[2018-02-04T22:04:51.431] [INFO] 用户请求 - GET /user/5a75923b9b2e6f1c78356738 200 14ms
[2018-02-04T22:05:30.235] [WARN] 用户请求 - GET /user/5a75923b9b2e6f1c78356738 401 2ms
[2018-02-04T22:05:40.445] [INFO] 用户请求 - GET /user/5a75923b9b2e6f1c78356738 200 11ms
[2018-02-04T22:05:55.152] [INFO] 用户请求 - GET /user/5a75923b9b2e6f1c78356738 200 12ms
[2018-02-04T22:06:01.269] [INFO] 用户请求 - GET /user/5a75923b9b2e6f1c78356738 200 8ms
[2018-02-04T22:07:04.484] [INFO] 用户请求 - GET /user/5a75923b9b2e6f1c78356738 200 63ms
[2018-02-04T22:07:05.393] [INFO] 用户请求 - GET /user/5a75923b9b2e6f1c78356738 200 11ms
[2018-02-04T22:07:05.989] [INFO] 用户请求 - GET /user/5a75923b9b2e6f1c78356738 200 9ms
[2018-02-04T22:07:58.959] [INFO] 用户请求 - GET /user/5a75923b9b2e6f1c78356738 200 90ms
[2018-02-04T22:08:01.215] [INFO] 用户请求 - GET /user/5a75923b9b2e6f1c78356738 200 11ms
[2018-02-04T22:08:02.445] [INFO] 用户请求 - GET /user/5a75923b9b2e6f1c78356738 200 7ms
[2018-02-04T22:08:04.345] [INFO] 用户请求 - GET /user/5a75923b9b2e6f1c78356738 200 6ms
[2018-02-04T22:08:04.937] [INFO] 用户请求 - GET /user/5a75923b9b2e6f1c78356738 200 5ms
[2018-02-04T22:08:10.357] [WARN] 用户请求 - GET /user/5a75923b9b2e6f1c78356738 401 2ms
[2018-02-04T22:08:12.128] [WARN] 用户请求 - GET /user/5a75923b9b2e6f1c78356738 401 5ms
[2018-02-04T22:08:29.665] [INFO] 用户请求 - POST /session 200 41ms
[2018-02-04T22:13:37.650] [WARN] 用户请求 - GET /user/5a75923b9b2e6f1c78356738 401 45ms
[2018-02-04T22:13:41.428] [INFO] 用户请求 - POST /session 200 47ms
[2018-02-04T22:13:51.060] [INFO] 用户请求 - GET /user/5a75923b9b2e6f1c78356738 200 15ms
[2018-02-04T22:13:54.713] [WARN] 用户请求 - GET /user/5a75923b9b2e6f1c78356738 401 4ms
[2018-02-04T22:13:57.406] [WARN] 用户请求 - GET /user/5a75923b9b2e6f1c78356738 401 1ms
[2018-02-04T22:14:00.477] [INFO] 用户请求 - GET /user/5a75923b9b2e6f1c78356738 200 9ms
[2018-02-04T22:14:04.577] [INFO] 用户请求 - GET /user/5a75923b9b2e6f1c78356738 200 5ms
[2018-02-04T22:28:47.758] [INFO] 用户请求 - GET /user/5a75923b9b2e6f1c78356738 200 9ms
